<?xml version="1.0" encoding="UTF-8"?>
<!-- Generated by org.testng.reporters.JUnitXMLReporter -->
<testsuite hostname="CBR-LAP-DEL2890" ignored="0" name="TempTesttag" tests="1" failures="1" timestamp="17 Jul 2018 07:25:27 GMT" time="23.501" errors="0">
  <testcase name="@AfterTest tearDown" time="0.0" classname="com.cloud.BaseWebTest">
    <failure type="org.testng.TestNGException" message="
Can inject only one of &amp;lt;ITestContext, XmlTest&amp;gt; into a @AfterTest annotated tearDown.
For more information on native dependency injection please refer to http://testng.org/doc/documentation-main.html#native-dependency-injection">
      <![CDATA[org.testng.TestNGException: 
Can inject only one of <ITestContext, XmlTest> into a @AfterTest annotated tearDown.
For more information on native dependency injection please refer to http://testng.org/doc/documentation-main.html#native-dependency-injection
	at com.cloud.utils.DynamicTestNGXmlUtil.createTestXml(DynamicTestNGXmlUtil.java:76)
	at com.cloud.util.DynamicTestNGSuite.setTestNGXml(DynamicTestNGSuite.java:41)
... Removed 43 stack frames]]>
    </failure>
  </testcase> <!-- @AfterTest tearDown -->
  <testcase name="HCM_CoreHR_ReHire" time="0.001" classname="com.cloud.test.CoreHR.TC_CoreHR_Rehire_of_an_Employee">
    <failure type="java.lang.NullPointerException">
      <![CDATA[java.lang.NullPointerException
	at com.google.common.base.Preconditions.checkNotNull(Preconditions.java:882)
	at org.openqa.selenium.support.ui.FluentWait.<init>(FluentWait.java:104)
	at org.openqa.selenium.support.ui.WebDriverWait.<init>(WebDriverWait.java:71)
	at org.openqa.selenium.support.ui.WebDriverWait.<init>(WebDriverWait.java:45)
	at com.cloud.pageobjects.LoginPage.<init>(LoginPage.java:61)
	at com.cloud.test.CoreHR.TC_CoreHR_Rehire_of_an_Employee.HCM_CoreHR_ReHire(TC_CoreHR_Rehire_of_an_Employee.java:42)
	at com.cloud.utils.DynamicTestNGXmlUtil.createTestXml(DynamicTestNGXmlUtil.java:76)
	at com.cloud.util.DynamicTestNGSuite.setTestNGXml(DynamicTestNGSuite.java:41)
... Removed 47 stack frames]]>
    </failure>
  </testcase> <!-- HCM_CoreHR_ReHire -->
</testsuite> <!-- TempTesttag -->
